# JRE version: Java(TM) SE Runtime Environment (17.0.9+11) (build 17.0.9+11-LTS-201)
# Java VM: Java HotSpot(TM) 64-Bit Server VM (17.0.9+11-LTS-201, mixed mode, emulated-client, sharing, tiered, compressed oops, compressed class ptrs, g1 gc, windows-amd64)
GC Precious Log:
 CPUs: 16 total, 16 available
 Memory: 16108M
 Large Page Support: Disabled
 NUMA Support: Disabled
 Compressed Oops: Enabled (Zero based)
 Heap Region Size: 2M
 Heap Min Capacity: 8M
 Heap Initial Capacity: 252M
 Heap Max Capacity: 4028M
 Pre-touch: Disabled
 Parallel Workers: 13
 Concurrent Workers: 3
 Concurrent Refinement Workers: 13
 Periodic GC: Disabled
Heap:
 garbage-first heap   total 258048K, used 15434K [0x0000000704400000, 0x0000000800000000)
  region size 2048K, 4 young (8192K), 2 survivors (4096K)
 Metaspace       used 16460K, committed 16704K, reserved 1114112K
  class space    used 2048K, committed 2176K, reserved 1048576K
GC Heap History (6 events):
Event: 3.868 GC heap before
{Heap before GC invocations=0 (full 0):
 garbage-first heap   total 258048K, used 22528K [0x0000000704400000, 0x0000000800000000)
  region size 2048K, 11 young (22528K), 0 survivors (0K)
 Metaspace       used 5257K, committed 5504K, reserved 1114112K
  class space    used 566K, committed 704K, reserved 1048576K
}
Event: 3.880 GC heap after
{Heap after GC invocations=1 (full 0):
 garbage-first heap   total 258048K, used 10220K [0x0000000704400000, 0x0000000800000000)
  region size 2048K, 2 young (4096K), 2 survivors (4096K)
 Metaspace       used 5257K, committed 5504K, reserved 1114112K
  class space    used 566K, committed 704K, reserved 1048576K
}
Event: 5.049 GC heap before
{Heap before GC invocations=1 (full 0):
 garbage-first heap   total 258048K, used 26604K [0x0000000704400000, 0x0000000800000000)
  region size 2048K, 10 young (20480K), 2 survivors (4096K)
 Metaspace       used 9556K, committed 9728K, reserved 1114112K
  class space    used 1108K, committed 1152K, reserved 1048576K
}
Event: 5.054 GC heap after
{Heap after GC invocations=2 (full 0):
 garbage-first heap   total 258048K, used 11486K [0x0000000704400000, 0x0000000800000000)
  region size 2048K, 1 young (2048K), 1 survivors (2048K)
 Metaspace       used 9556K, committed 9728K, reserved 1114112K
  class space    used 1108K, committed 1152K, reserved 1048576K
}
Event: 6.589 GC heap before
{Heap before GC invocations=2 (full 0):
 garbage-first heap   total 258048K, used 54494K [0x0000000704400000, 0x0000000800000000)
  region size 2048K, 22 young (45056K), 1 survivors (2048K)
 Metaspace       used 16264K, committed 16576K, reserved 1114112K
  class space    used 2029K, committed 2176K, reserved 1048576K
}
Event: 6.594 GC heap after
{Heap after GC invocations=3 (full 0):
 garbage-first heap   total 258048K, used 13386K [0x0000000704400000, 0x0000000800000000)
  region size 2048K, 2 young (4096K), 2 survivors (4096K)
 Metaspace       used 16264K, committed 16576K, reserved 1114112K
  class space    used 2029K, committed 2176K, reserved 1048576K
}

